<?xml version="1.0" encoding="UTF-8"?>
<!-- Generated by org.testng.reporters.JUnitXMLReporter -->
<testsuite ignored="0" hostname="DESKTOP-GU03B2P" failures="3" tests="3" name="FirefoxTest(failed)" time="32.316" errors="0" timestamp="2023-02-07T11:29:54 IST">
  <testcase classname="pkg1.TestNgTestClass" name="signupPage" time="5.189">
    <failure type="java.lang.AssertionError" message="The following asserts failed:
	expected [Facebook] but found []">
      <![CDATA[java.lang.AssertionError: The following asserts failed:
expected [Facebook] but found []
at pkg1.TestNgTestClass.signupPage(TestNgTestClass.java:100)
at java.base/java.util.concurrent.ThreadPoolExecutor.runWorker(ThreadPoolExecutor.java:1136)
at java.base/java.util.concurrent.ThreadPoolExecutor$Worker.run(ThreadPoolExecutor.java:635)
at java.base/java.lang.Thread.run(Thread.java:833)
... Removed 12 stack frames]]>
    </failure>
  </testcase> <!-- signupPage -->
  <testcase classname="pkg1.TestNgTestClass" name="privacyPolicy" time="8.301">
    <failure type="java.lang.AssertionError" message="The following asserts failed:
	expected [Meta Privacy Policy – How Meta collects and uses user data | Privacy Centre | Manage your privacy on Facebook, Instagram and Messenger | Facebook Privacy] but found []">
      <![CDATA[java.lang.AssertionError: The following asserts failed:
expected [Meta Privacy Policy – How Meta collects and uses user data | Privacy Centre | Manage your privacy on Facebook, Instagram and Messenger | Facebook Privacy] but found []
at pkg1.TestNgTestClass.privacyPolicy(TestNgTestClass.java:129)
at java.base/java.util.concurrent.ThreadPoolExecutor.runWorker(ThreadPoolExecutor.java:1136)
at java.base/java.util.concurrent.ThreadPoolExecutor$Worker.run(ThreadPoolExecutor.java:635)
at java.base/java.lang.Thread.run(Thread.java:833)
... Removed 12 stack frames]]>
    </failure>
  </testcase> <!-- privacyPolicy -->
  <testcase classname="pkg1.TestNgTestClass" name="cookiesPolcy" time="5.261">
    <failure type="java.lang.AssertionError" message="The following asserts failed:
	expected [Meta Cookies Policy] but found []">
      <![CDATA[java.lang.AssertionError: The following asserts failed:
expected [Meta Cookies Policy] but found []
at pkg1.TestNgTestClass.cookiesPolcy(TestNgTestClass.java:157)
at java.base/java.util.concurrent.ThreadPoolExecutor.runWorker(ThreadPoolExecutor.java:1136)
at java.base/java.util.concurrent.ThreadPoolExecutor$Worker.run(ThreadPoolExecutor.java:635)
at java.base/java.lang.Thread.run(Thread.java:833)
... Removed 12 stack frames]]>
    </failure>
  </testcase> <!-- cookiesPolcy -->
</testsuite> <!-- FirefoxTest(failed) -->
